<?xml version="1.0" encoding="UTF-8"?>
<testng-results ignored="0" total="2" passed="2" failed="0" skipped="0">
  <reporter-output>
  </reporter-output>
  <suite started-at="2024-03-28T22:59:06 EDT" name="Default suite" finished-at="2024-03-28T22:59:12 EDT" duration-ms="6373">
    <groups>
      <group name="cucumber">
        <method signature="AbstractTestNGCucumberTests.runScenario(io.cucumber.testng.PickleWrapper,io.cucumber.testng.FeatureWrapper)[pri:0, instance:com.LMSAPI.Runner.UserAPIRunner@5ddeb7cb]" name="runScenario" class="io.cucumber.testng.AbstractTestNGCucumberTests"/>
      </group> <!-- cucumber -->
    </groups>
    <test started-at="2024-03-28T22:59:06 EDT" name="Default test" finished-at="2024-03-28T22:59:12 EDT" duration-ms="6373">
      <class name="com.LMSAPI.Runner.UserAPIRunner">
        <test-method is-config="true" signature="setUpClass(org.testng.ITestContext)[pri:0, instance:com.LMSAPI.Runner.UserAPIRunner@5ddeb7cb]" started-at="2024-03-28T22:59:06 EDT" name="setUpClass" finished-at="2024-03-28T22:59:07 EDT" duration-ms="1023" status="PASS">
          <params>
            <param index="0">
              <value>
                <![CDATA[org.testng.TestRunner@5724c7da]]>
              </value>
            </param>
          </params>
          <reporter-output>
          </reporter-output>
        </test-method> <!-- setUpClass -->
        <test-method signature="runScenario(io.cucumber.testng.PickleWrapper,io.cucumber.testng.FeatureWrapper)[pri:0, instance:com.LMSAPI.Runner.UserAPIRunner@5ddeb7cb]" started-at="2024-03-28T22:59:07 EDT" name="runScenario" description="Runs Cucumber Scenarios" data-provider="scenarios" finished-at="2024-03-28T22:59:11 EDT" duration-ms="4341" status="PASS">
          <params>
            <param index="0">
              <value>
                <![CDATA["Check if Admin able to generate token with valid credential"]]>
              </value>
            </param>
            <param index="1">
              <value>
                <![CDATA["Optional[Login Feature]"]]>
              </value>
            </param>
          </params>
          <reporter-output>
          </reporter-output>
        </test-method> <!-- runScenario -->
        <test-method signature="runScenario(io.cucumber.testng.PickleWrapper,io.cucumber.testng.FeatureWrapper)[pri:0, instance:com.LMSAPI.Runner.UserAPIRunner@5ddeb7cb]" started-at="2024-03-28T22:59:11 EDT" name="runScenario" description="Runs Cucumber Scenarios" data-provider="scenarios" finished-at="2024-03-28T22:59:12 EDT" duration-ms="866" status="PASS">
          <params>
            <param index="0">
              <value>
                <![CDATA["Check if Admin able to create a program with valid endpoint and request body with Authorization"]]>
              </value>
            </param>
            <param index="1">
              <value>
                <![CDATA["Optional[Program Module]"]]>
              </value>
            </param>
          </params>
          <reporter-output>
          </reporter-output>
        </test-method> <!-- runScenario -->
        <test-method is-config="true" signature="tearDownClass()[pri:0, instance:com.LMSAPI.Runner.UserAPIRunner@5ddeb7cb]" started-at="2024-03-28T22:59:12 EDT" name="tearDownClass" finished-at="2024-03-28T22:59:12 EDT" duration-ms="60" status="PASS">
          <reporter-output>
          </reporter-output>
        </test-method> <!-- tearDownClass -->
      </class> <!-- com.LMSAPI.Runner.UserAPIRunner -->
    </test> <!-- Default test -->
  </suite> <!-- Default suite -->
</testng-results>
